<?xml version="1.0" encoding="UTF-8"?>
<!-- Generated by org.testng.reporters.JUnitReportReporter -->
<testsuite hostname="LAPTOP-B4P7GBCM" failures="0" tests="1" name="jobfest2.jobfesttest" time="57.863" errors="0" timestamp="2023-07-02T08:55:23 IST" skipped="0">
  <testcase classname="jobfest2.jobfesttest" name="jobfestTest" time="57.863"/>
  <system-out/>
</testsuite> <!-- jobfest2.jobfesttest -->
