<?xml version="1.0" encoding="UTF-8"?>
<!-- Generated by org.testng.reporters.JUnitReportReporter -->
<testsuite hostname="LAPTOP-B4P7GBCM" failures="0" tests="1" name="PKG.Tabchange" time="14.317" errors="0" timestamp="2023-06-25T10:33:19 IST" skipped="0">
  <testcase classname="PKG.Tabchange" name="test1" time="14.317"/>
  <system-out/>
</testsuite> <!-- PKG.Tabchange -->
