<?xml version="1.0" encoding="UTF-8"?>
<!-- Generated by org.testng.reporters.JUnitReportReporter -->
<testsuite hostname="LAPTOP-B4P7GBCM" failures="0" tests="1" name="PKG.Responsecode" time="2.260" errors="0" timestamp="2023-06-25T10:23:52 IST" skipped="0">
  <testcase classname="PKG.Responsecode" name="Test1" time="2.260"/>
  <system-out/>
</testsuite> <!-- PKG.Responsecode -->
