<?xml version="1.0" encoding="UTF-8"?>
<!-- Generated by org.testng.reporters.JUnitReportReporter -->
<testsuite hostname="LAPTOP-B4P7GBCM" failures="0" tests="1" name="PKG.OPENBROWSER" time="2.498" errors="0" timestamp="2023-06-21T13:00:21 IST" skipped="0">
  <testcase classname="PKG.OPENBROWSER" name="test1" time="2.498"/>
  <system-out/>
</testsuite> <!-- PKG.OPENBROWSER -->
